[ 2013-05-22T01:30:31+08:00 ] 101.69.163.156 /oa/index.php
INFO: [ app_begin ] --START--
INFO: Run ReadHtmlCache Behavior [ RunTime:0.000994s ]
INFO: [ app_begin ] --END-- [ RunTime:0.001081s ]
NOTIC: [8] Undefined index:  authId D:\freehost\cyndi1991\web\OA\Home\Lib\ORG\Util\RBAC.class.php 第 177 行.
SQL: select node.id,node.name from oa_role as role,oa_role_user as user,oa_access as access ,oa_node as node where user.user_id='' and user.role_id=role.id and ( access.role_id=role.id  or (access.role_id=role.pid and role.pid!=0 ) ) and role.status=1 and access.node_id=node.id and node.level=1 and node.status=1 [ RunTime:0.000074s ]
NOTIC: [8] Undefined index:  authId D:\freehost\cyndi1991\web\OA\Home\Lib\Action\CommonAction.class.php 第 12 行.

[ 2013-05-22T01:30:31+08:00 ] 101.69.163.156 /oa/index.php?s=/Public/login
INFO: [ route_check ] --START--
INFO: Run CheckRoute Behavior [ RunTime:0.001270s ]
INFO: [ route_check ] --END-- [ RunTime:0.001348s ]
INFO: [ app_begin ] --START--
INFO: Run ReadHtmlCache Behavior [ RunTime:0.000938s ]
INFO: [ app_begin ] --END-- [ RunTime:0.001002s ]
INFO: [ view_template ] --START--
INFO: Run LocationTemplate Behavior [ RunTime:0.001148s ]
INFO: [ view_template ] --END-- [ RunTime:0.001217s ]
INFO: [ view_parse ] --START--
INFO: Run ParseTemplate Behavior [ RunTime:0.015316s ]
INFO: [ view_parse ] --END-- [ RunTime:0.015391s ]
INFO: [ view_filter ] --START--
INFO: Run ContentReplace Behavior [ RunTime:0.000763s ]
INFO: Run TokenBuild Behavior [ RunTime:0.000759s ]
INFO: Run WriteHtmlCache Behavior [ RunTime:0.000638s ]
INFO: Run ShowRuntime Behavior [ RunTime:0.000864s ]
INFO: [ view_filter ] --END-- [ RunTime:0.003187s ]
INFO: [ view_end ] --START--
INFO: Run ShowPageTrace Behavior [ RunTime:0.000983s ]
INFO: [ view_end ] --END-- [ RunTime:0.001042s ]

[ 2013-05-22T01:33:25+08:00 ] 101.69.163.192 /oa/index.php?s=/Public/checkLogin
INFO: [ route_check ] --START--
INFO: Run CheckRoute Behavior [ RunTime:0.001205s ]
INFO: [ route_check ] --END-- [ RunTime:0.001287s ]
INFO: [ app_begin ] --START--
INFO: Run ReadHtmlCache Behavior [ RunTime:0.000930s ]
INFO: [ app_begin ] --END-- [ RunTime:0.000994s ]
SQL: SHOW COLUMNS FROM `oa_user` [ RunTime:0.001085s ]
SQL: SELECT * FROM `oa_user` WHERE ( `account` = 'demo' ) AND ( `status` > 0 ) LIMIT 1   [ RunTime:0.000192s ]
INFO: [ view_template ] --START--
INFO: Run LocationTemplate Behavior [ RunTime:0.001062s ]
INFO: [ view_template ] --END-- [ RunTime:0.001128s ]
INFO: [ view_parse ] --START--
INFO: Run ParseTemplate Behavior [ RunTime:0.009050s ]
INFO: [ view_parse ] --END-- [ RunTime:0.009123s ]
INFO: [ view_filter ] --START--
INFO: Run ContentReplace Behavior [ RunTime:0.000721s ]
INFO: Run TokenBuild Behavior [ RunTime:0.000731s ]
INFO: Run WriteHtmlCache Behavior [ RunTime:0.000619s ]
INFO: Run ShowRuntime Behavior [ RunTime:0.000856s ]
INFO: [ view_filter ] --END-- [ RunTime:0.003091s ]
INFO: [ view_end ] --START--
INFO: Run ShowPageTrace Behavior [ RunTime:0.000985s ]
INFO: [ view_end ] --END-- [ RunTime:0.001044s ]

[ 2013-05-22T01:33:41+08:00 ] 101.69.163.192 /oa/index.php?s=/Public/checkLogin
INFO: [ route_check ] --START--
INFO: Run CheckRoute Behavior [ RunTime:0.001200s ]
INFO: [ route_check ] --END-- [ RunTime:0.001280s ]
INFO: [ app_begin ] --START--
INFO: Run ReadHtmlCache Behavior [ RunTime:0.000926s ]
INFO: [ app_begin ] --END-- [ RunTime:0.000990s ]
SQL: SHOW COLUMNS FROM `oa_user` [ RunTime:0.001080s ]
SQL: SELECT * FROM `oa_user` WHERE ( `account` = 'admin' ) AND ( `status` > 0 ) LIMIT 1   [ RunTime:0.000212s ]
SQL: UPDATE `oa_user` SET `last_login_time`=1369157621,`login_count`=login_count+1,`last_login_ip`='101.69.163.192' WHERE ( `id` = 7 ) [ RunTime:0.000299s ]
INFO: [ view_template ] --START--
INFO: Run LocationTemplate Behavior [ RunTime:0.001077s ]
INFO: [ view_template ] --END-- [ RunTime:0.001143s ]
INFO: [ view_parse ] --START--
INFO: Run ParseTemplate Behavior [ RunTime:0.008996s ]
INFO: [ view_parse ] --END-- [ RunTime:0.009067s ]
INFO: [ view_filter ] --START--
INFO: Run ContentReplace Behavior [ RunTime:0.000722s ]
INFO: Run TokenBuild Behavior [ RunTime:0.000736s ]
INFO: Run WriteHtmlCache Behavior [ RunTime:0.000626s ]
INFO: Run ShowRuntime Behavior [ RunTime:0.000830s ]
INFO: [ view_filter ] --END-- [ RunTime:0.003075s ]
INFO: [ view_end ] --START--
INFO: Run ShowPageTrace Behavior [ RunTime:0.000967s ]
INFO: [ view_end ] --END-- [ RunTime:0.001025s ]

[ 2013-05-22T01:33:42+08:00 ] 101.69.163.192 /oa/index.php?s=/Content/tables
INFO: [ route_check ] --START--
INFO: Run CheckRoute Behavior [ RunTime:0.001205s ]
INFO: [ route_check ] --END-- [ RunTime:0.001284s ]
INFO: [ app_begin ] --START--
INFO: Run ReadHtmlCache Behavior [ RunTime:0.000929s ]
INFO: [ app_begin ] --END-- [ RunTime:0.000993s ]
NOTIC: [8] Undefined offset:  2 D:\freehost\cyndi1991\web\OA\Home\Lib\Action\ContentAction.class.php 第 7 行.
SQL: SELECT u.id,u.nickname,c.am,c.pm,c.cid FROM oa_user AS u LEFT JOIN oa_content AS c ON c.uid=u.id  AND c.create_time='2013-05-22' WHERE ( u.is_admin = 0 ) AND ( u.status = 1 )  [ RunTime:0.013774s ]
SQL: SELECT u.id,t.spend,t.content,p.pname FROM oa_time AS t LEFT JOIN oa_user AS u ON t.uid = u.id LEFT JOIN oa_project AS p ON p.pid = t.pid WHERE ( t.create_time = '2013-05-22' )  [ RunTime:0.000504s ]
NOTIC: [2] Invalid argument supplied for foreach() D:\freehost\cyndi1991\web\OA\Home\Lib\Action\ContentAction.class.php 第 28 行.
NOTIC: [2] Invalid argument supplied for foreach() D:\freehost\cyndi1991\web\OA\Home\Lib\Action\ContentAction.class.php 第 28 行.
NOTIC: [2] Invalid argument supplied for foreach() D:\freehost\cyndi1991\web\OA\Home\Lib\Action\ContentAction.class.php 第 28 行.
NOTIC: [2] Invalid argument supplied for foreach() D:\freehost\cyndi1991\web\OA\Home\Lib\Action\ContentAction.class.php 第 28 行.
NOTIC: [2] Invalid argument supplied for foreach() D:\freehost\cyndi1991\web\OA\Home\Lib\Action\ContentAction.class.php 第 28 行.
NOTIC: [2] Invalid argument supplied for foreach() D:\freehost\cyndi1991\web\OA\Home\Lib\Action\ContentAction.class.php 第 28 行.
NOTIC: [2] Invalid argument supplied for foreach() D:\freehost\cyndi1991\web\OA\Home\Lib\Action\ContentAction.class.php 第 28 行.
NOTIC: [2] Invalid argument supplied for foreach() D:\freehost\cyndi1991\web\OA\Home\Lib\Action\ContentAction.class.php 第 28 行.
NOTIC: [2] Invalid argument supplied for foreach() D:\freehost\cyndi1991\web\OA\Home\Lib\Action\ContentAction.class.php 第 28 行.
NOTIC: [2] Invalid argument supplied for foreach() D:\freehost\cyndi1991\web\OA\Home\Lib\Action\ContentAction.class.php 第 28 行.
INFO: [ view_template ] --START--
INFO: Run LocationTemplate Behavior [ RunTime:0.001273s ]
INFO: [ view_template ] --END-- [ RunTime:0.001342s ]
INFO: [ view_parse ] --START--
NOTIC: [8] Undefined index:  other D:\freehost\cyndi1991\web\OA\Home\Runtime\Cache\e6f8cf68c9393d66e60321239d060d91.php 第 439 行.
NOTIC: [8] Undefined index:  other D:\freehost\cyndi1991\web\OA\Home\Runtime\Cache\e6f8cf68c9393d66e60321239d060d91.php 第 439 行.
NOTIC: [8] Undefined index:  other D:\freehost\cyndi1991\web\OA\Home\Runtime\Cache\e6f8cf68c9393d66e60321239d060d91.php 第 439 行.
NOTIC: [8] Undefined index:  other D:\freehost\cyndi1991\web\OA\Home\Runtime\Cache\e6f8cf68c9393d66e60321239d060d91.php 第 439 行.
NOTIC: [8] Undefined index:  other D:\freehost\cyndi1991\web\OA\Home\Runtime\Cache\e6f8cf68c9393d66e60321239d060d91.php 第 439 行.
NOTIC: [8] Undefined index:  other D:\freehost\cyndi1991\web\OA\Home\Runtime\Cache\e6f8cf68c9393d66e60321239d060d91.php 第 439 行.
NOTIC: [8] Undefined index:  other D:\freehost\cyndi1991\web\OA\Home\Runtime\Cache\e6f8cf68c9393d66e60321239d060d91.php 第 439 行.
NOTIC: [8] Undefined index:  other D:\freehost\cyndi1991\web\OA\Home\Runtime\Cache\e6f8cf68c9393d66e60321239d060d91.php 第 439 行.
NOTIC: [8] Undefined index:  other D:\freehost\cyndi1991\web\OA\Home\Runtime\Cache\e6f8cf68c9393d66e60321239d060d91.php 第 439 行.
NOTIC: [8] Undefined index:  other D:\freehost\cyndi1991\web\OA\Home\Runtime\Cache\e6f8cf68c9393d66e60321239d060d91.php 第 439 行.
INFO: Run ParseTemplate Behavior [ RunTime:0.022033s ]
INFO: [ view_parse ] --END-- [ RunTime:0.022102s ]
INFO: [ view_filter ] --START--
INFO: Run ContentReplace Behavior [ RunTime:0.000921s ]
INFO: Run TokenBuild Behavior [ RunTime:0.000765s ]
INFO: Run WriteHtmlCache Behavior [ RunTime:0.000623s ]
INFO: Run ShowRuntime Behavior [ RunTime:0.000883s ]
INFO: [ view_filter ] --END-- [ RunTime:0.003360s ]
INFO: [ view_end ] --START--
INFO: Run ShowPageTrace Behavior [ RunTime:0.000983s ]
INFO: [ view_end ] --END-- [ RunTime:0.001040s ]

[ 2013-05-22T01:33:54+08:00 ] 101.69.163.192 /oa/index.php?s=/Content/select_data
INFO: [ route_check ] --START--
INFO: Run CheckRoute Behavior [ RunTime:0.001214s ]
INFO: [ route_check ] --END-- [ RunTime:0.001300s ]
INFO: [ app_begin ] --START--
INFO: Run ReadHtmlCache Behavior [ RunTime:0.000934s ]
INFO: [ app_begin ] --END-- [ RunTime:0.000988s ]
SQL: SELECT p.pname,p.pid FROM oa_project_user as u LEFT JOIN oa_project as p on u.pid=p.pid WHERE ( u.uid = '1' )  [ RunTime:0.000311s ]

[ 2013-05-22T01:33:55+08:00 ] 101.69.163.192 /oa/index.php?s=/Content/select_data
INFO: [ route_check ] --START--
INFO: Run CheckRoute Behavior [ RunTime:0.001196s ]
INFO: [ route_check ] --END-- [ RunTime:0.001278s ]
INFO: [ app_begin ] --START--
INFO: Run ReadHtmlCache Behavior [ RunTime:0.000923s ]
INFO: [ app_begin ] --END-- [ RunTime:0.000977s ]
SQL: SELECT p.pname,p.pid FROM oa_project_user as u LEFT JOIN oa_project as p on u.pid=p.pid WHERE ( u.uid = '1' )  [ RunTime:0.000111s ]

[ 2013-05-22T01:33:55+08:00 ] 101.69.163.192 /oa/index.php?s=/Content/select_data
INFO: [ route_check ] --START--
INFO: Run CheckRoute Behavior [ RunTime:0.001334s ]
INFO: [ route_check ] --END-- [ RunTime:0.001425s ]
INFO: [ app_begin ] --START--
INFO: Run ReadHtmlCache Behavior [ RunTime:0.000942s ]
INFO: [ app_begin ] --END-- [ RunTime:0.001000s ]
SQL: SELECT p.pname,p.pid FROM oa_project_user as u LEFT JOIN oa_project as p on u.pid=p.pid WHERE ( u.uid = '1' )  [ RunTime:0.000094s ]

[ 2013-05-22T01:33:56+08:00 ] 101.69.163.192 /oa/index.php?s=/User/user
INFO: [ route_check ] --START--
INFO: Run CheckRoute Behavior [ RunTime:0.001210s ]
INFO: [ route_check ] --END-- [ RunTime:0.001294s ]
INFO: [ app_begin ] --START--
INFO: Run ReadHtmlCache Behavior [ RunTime:0.000946s ]
INFO: [ app_begin ] --END-- [ RunTime:0.001011s ]
SQL: SHOW COLUMNS FROM `oa_user` [ RunTime:0.001117s ]
SQL: SELECT * FROM `oa_user` WHERE ( `is_admin` = 0 )  [ RunTime:0.000261s ]
INFO: [ view_template ] --START--
INFO: Run LocationTemplate Behavior [ RunTime:0.001245s ]
INFO: [ view_template ] --END-- [ RunTime:0.001319s ]
INFO: [ view_parse ] --START--
INFO: Run ParseTemplate Behavior [ RunTime:0.019800s ]
INFO: [ view_parse ] --END-- [ RunTime:0.019885s ]
INFO: [ view_filter ] --START--
INFO: Run ContentReplace Behavior [ RunTime:0.000928s ]
INFO: Run TokenBuild Behavior [ RunTime:0.000768s ]
INFO: Run WriteHtmlCache Behavior [ RunTime:0.000622s ]
INFO: Run ShowRuntime Behavior [ RunTime:0.000870s ]
INFO: [ view_filter ] --END-- [ RunTime:0.003355s ]
INFO: [ view_end ] --START--
INFO: Run ShowPageTrace Behavior [ RunTime:0.000964s ]
INFO: [ view_end ] --END-- [ RunTime:0.001022s ]

[ 2013-05-22T01:33:58+08:00 ] 101.69.163.192 /oa/index.php?s=/User/group
INFO: [ route_check ] --START--
INFO: Run CheckRoute Behavior [ RunTime:0.001203s ]
INFO: [ route_check ] --END-- [ RunTime:0.001282s ]
INFO: [ app_begin ] --START--
INFO: Run ReadHtmlCache Behavior [ RunTime:0.000928s ]
INFO: [ app_begin ] --END-- [ RunTime:0.000992s ]
SQL: SHOW COLUMNS FROM `oa_role` [ RunTime:0.000848s ]
SQL: SELECT * FROM `oa_role` WHERE ( `status` = 1 )  [ RunTime:0.000082s ]
INFO: [ view_template ] --START--
INFO: Run LocationTemplate Behavior [ RunTime:0.001160s ]
INFO: [ view_template ] --END-- [ RunTime:0.001226s ]
INFO: [ view_parse ] --START--
INFO: Run ParseTemplate Behavior [ RunTime:0.023074s ]
INFO: [ view_parse ] --END-- [ RunTime:0.023157s ]
INFO: [ view_filter ] --START--
INFO: Run ContentReplace Behavior [ RunTime:0.001003s ]
INFO: Run TokenBuild Behavior [ RunTime:0.000759s ]
INFO: Run WriteHtmlCache Behavior [ RunTime:0.000621s ]
INFO: Run ShowRuntime Behavior [ RunTime:0.000871s ]
INFO: [ view_filter ] --END-- [ RunTime:0.003422s ]
INFO: [ view_end ] --START--
INFO: Run ShowPageTrace Behavior [ RunTime:0.000977s ]
INFO: [ view_end ] --END-- [ RunTime:0.001034s ]

[ 2013-05-22T11:38:28+08:00 ] 74.82.176.249 /oa/index.php
INFO: [ app_begin ] --START--
INFO: Run ReadHtmlCache Behavior [ RunTime:0.024364s ]
INFO: [ app_begin ] --END-- [ RunTime:0.024453s ]
NOTIC: [8] Undefined index:  authId D:\freehost\cyndi1991\web\OA\Home\Lib\ORG\Util\RBAC.class.php 第 177 行.
SQL: select node.id,node.name from oa_role as role,oa_role_user as user,oa_access as access ,oa_node as node where user.user_id='' and user.role_id=role.id and ( access.role_id=role.id  or (access.role_id=role.pid and role.pid!=0 ) ) and role.status=1 and access.node_id=node.id and node.level=1 and node.status=1 [ RunTime:0.065379s ]
NOTIC: [8] Undefined index:  authId D:\freehost\cyndi1991\web\OA\Home\Lib\Action\CommonAction.class.php 第 12 行.

[ 2013-05-22T11:38:29+08:00 ] 74.82.176.249 /oa/index.php?s=/Public/login
INFO: [ route_check ] --START--
INFO: Run CheckRoute Behavior [ RunTime:0.014534s ]
INFO: [ route_check ] --END-- [ RunTime:0.014611s ]
INFO: [ app_begin ] --START--
INFO: Run ReadHtmlCache Behavior [ RunTime:0.000932s ]
INFO: [ app_begin ] --END-- [ RunTime:0.001000s ]
INFO: [ view_template ] --START--
INFO: Run LocationTemplate Behavior [ RunTime:0.020670s ]
INFO: [ view_template ] --END-- [ RunTime:0.020741s ]
INFO: [ view_parse ] --START--
INFO: Run ParseTemplate Behavior [ RunTime:0.057258s ]
INFO: [ view_parse ] --END-- [ RunTime:0.057335s ]
INFO: [ view_filter ] --START--
INFO: Run ContentReplace Behavior [ RunTime:0.016817s ]
INFO: Run TokenBuild Behavior [ RunTime:0.011484s ]
INFO: Run WriteHtmlCache Behavior [ RunTime:0.001055s ]
INFO: Run ShowRuntime Behavior [ RunTime:0.007750s ]
INFO: [ view_filter ] --END-- [ RunTime:0.037278s ]
INFO: [ view_end ] --START--
INFO: Run ShowPageTrace Behavior [ RunTime:0.009417s ]
INFO: [ view_end ] --END-- [ RunTime:0.009477s ]

[ 2013-05-22T11:41:37+08:00 ] 74.82.176.249 /oa/index.php?s=/Public/checkLogin
INFO: [ route_check ] --START--
INFO: Run CheckRoute Behavior [ RunTime:0.001204s ]
INFO: [ route_check ] --END-- [ RunTime:0.001285s ]
INFO: [ app_begin ] --START--
INFO: Run ReadHtmlCache Behavior [ RunTime:0.000930s ]
INFO: [ app_begin ] --END-- [ RunTime:0.000994s ]
SQL: SHOW COLUMNS FROM `oa_user` [ RunTime:0.001015s ]
SQL: SELECT * FROM `oa_user` WHERE ( `account` = 'admin' ) AND ( `status` > 0 ) LIMIT 1   [ RunTime:0.015291s ]
SQL: UPDATE `oa_user` SET `last_login_time`=1369194097,`login_count`=login_count+1,`last_login_ip`='74.82.176.249' WHERE ( `id` = 7 ) [ RunTime:0.000208s ]
INFO: [ view_template ] --START--
INFO: Run LocationTemplate Behavior [ RunTime:0.001112s ]
INFO: [ view_template ] --END-- [ RunTime:0.001179s ]
INFO: [ view_parse ] --START--
INFO: Run ParseTemplate Behavior [ RunTime:0.028521s ]
INFO: [ view_parse ] --END-- [ RunTime:0.028596s ]
INFO: [ view_filter ] --START--
INFO: Run ContentReplace Behavior [ RunTime:0.000716s ]
INFO: Run TokenBuild Behavior [ RunTime:0.000730s ]
INFO: Run WriteHtmlCache Behavior [ RunTime:0.000632s ]
INFO: Run ShowRuntime Behavior [ RunTime:0.000852s ]
INFO: [ view_filter ] --END-- [ RunTime:0.003098s ]
INFO: [ view_end ] --START--
INFO: Run ShowPageTrace Behavior [ RunTime:0.000983s ]
INFO: [ view_end ] --END-- [ RunTime:0.001042s ]

[ 2013-05-22T11:41:38+08:00 ] 74.82.176.249 /oa/index.php?s=/Content/tables
INFO: [ route_check ] --START--
INFO: Run CheckRoute Behavior [ RunTime:0.001201s ]
INFO: [ route_check ] --END-- [ RunTime:0.001276s ]
INFO: [ app_begin ] --START--
INFO: Run ReadHtmlCache Behavior [ RunTime:0.000930s ]
INFO: [ app_begin ] --END-- [ RunTime:0.000995s ]
NOTIC: [8] Undefined offset:  2 D:\freehost\cyndi1991\web\OA\Home\Lib\Action\ContentAction.class.php 第 7 行.
SQL: SELECT u.id,u.nickname,c.am,c.pm,c.cid FROM oa_user AS u LEFT JOIN oa_content AS c ON c.uid=u.id  AND c.create_time='2013-05-22' WHERE ( u.is_admin = 0 ) AND ( u.status = 1 )  [ RunTime:0.003370s ]
SQL: SELECT u.id,t.spend,t.content,p.pname FROM oa_time AS t LEFT JOIN oa_user AS u ON t.uid = u.id LEFT JOIN oa_project AS p ON p.pid = t.pid WHERE ( t.create_time = '2013-05-22' )  [ RunTime:0.000491s ]
NOTIC: [2] Invalid argument supplied for foreach() D:\freehost\cyndi1991\web\OA\Home\Lib\Action\ContentAction.class.php 第 28 行.
NOTIC: [2] Invalid argument supplied for foreach() D:\freehost\cyndi1991\web\OA\Home\Lib\Action\ContentAction.class.php 第 28 行.
NOTIC: [2] Invalid argument supplied for foreach() D:\freehost\cyndi1991\web\OA\Home\Lib\Action\ContentAction.class.php 第 28 行.
NOTIC: [2] Invalid argument supplied for foreach() D:\freehost\cyndi1991\web\OA\Home\Lib\Action\ContentAction.class.php 第 28 行.
NOTIC: [2] Invalid argument supplied for foreach() D:\freehost\cyndi1991\web\OA\Home\Lib\Action\ContentAction.class.php 第 28 行.
NOTIC: [2] Invalid argument supplied for foreach() D:\freehost\cyndi1991\web\OA\Home\Lib\Action\ContentAction.class.php 第 28 行.
NOTIC: [2] Invalid argument supplied for foreach() D:\freehost\cyndi1991\web\OA\Home\Lib\Action\ContentAction.class.php 第 28 行.
NOTIC: [2] Invalid argument supplied for foreach() D:\freehost\cyndi1991\web\OA\Home\Lib\Action\ContentAction.class.php 第 28 行.
NOTIC: [2] Invalid argument supplied for foreach() D:\freehost\cyndi1991\web\OA\Home\Lib\Action\ContentAction.class.php 第 28 行.
NOTIC: [2] Invalid argument supplied for foreach() D:\freehost\cyndi1991\web\OA\Home\Lib\Action\ContentAction.class.php 第 28 行.
INFO: [ view_template ] --START--
INFO: Run LocationTemplate Behavior [ RunTime:0.001242s ]
INFO: [ view_template ] --END-- [ RunTime:0.001310s ]
INFO: [ view_parse ] --START--
NOTIC: [8] Undefined index:  other D:\freehost\cyndi1991\web\OA\Home\Runtime\Cache\e6f8cf68c9393d66e60321239d060d91.php 第 439 行.
NOTIC: [8] Undefined index:  other D:\freehost\cyndi1991\web\OA\Home\Runtime\Cache\e6f8cf68c9393d66e60321239d060d91.php 第 439 行.
NOTIC: [8] Undefined index:  other D:\freehost\cyndi1991\web\OA\Home\Runtime\Cache\e6f8cf68c9393d66e60321239d060d91.php 第 439 行.
NOTIC: [8] Undefined index:  other D:\freehost\cyndi1991\web\OA\Home\Runtime\Cache\e6f8cf68c9393d66e60321239d060d91.php 第 439 行.
NOTIC: [8] Undefined index:  other D:\freehost\cyndi1991\web\OA\Home\Runtime\Cache\e6f8cf68c9393d66e60321239d060d91.php 第 439 行.
NOTIC: [8] Undefined index:  other D:\freehost\cyndi1991\web\OA\Home\Runtime\Cache\e6f8cf68c9393d66e60321239d060d91.php 第 439 行.
NOTIC: [8] Undefined index:  other D:\freehost\cyndi1991\web\OA\Home\Runtime\Cache\e6f8cf68c9393d66e60321239d060d91.php 第 439 行.
NOTIC: [8] Undefined index:  other D:\freehost\cyndi1991\web\OA\Home\Runtime\Cache\e6f8cf68c9393d66e60321239d060d91.php 第 439 行.
NOTIC: [8] Undefined index:  other D:\freehost\cyndi1991\web\OA\Home\Runtime\Cache\e6f8cf68c9393d66e60321239d060d91.php 第 439 行.
NOTIC: [8] Undefined index:  other D:\freehost\cyndi1991\web\OA\Home\Runtime\Cache\e6f8cf68c9393d66e60321239d060d91.php 第 439 行.
INFO: Run ParseTemplate Behavior [ RunTime:0.080236s ]
INFO: [ view_parse ] --END-- [ RunTime:0.080303s ]
INFO: [ view_filter ] --START--
INFO: Run ContentReplace Behavior [ RunTime:0.000913s ]
INFO: Run TokenBuild Behavior [ RunTime:0.000759s ]
INFO: Run WriteHtmlCache Behavior [ RunTime:0.000620s ]
INFO: Run ShowRuntime Behavior [ RunTime:0.001022s ]
INFO: [ view_filter ] --END-- [ RunTime:0.003487s ]
INFO: [ view_end ] --START--
INFO: Run ShowPageTrace Behavior [ RunTime:0.000981s ]
INFO: [ view_end ] --END-- [ RunTime:0.001038s ]

[ 2013-05-22T13:12:48+08:00 ] 101.69.163.151 /oa/index.php
INFO: [ app_begin ] --START--
INFO: Run ReadHtmlCache Behavior [ RunTime:0.000985s ]
INFO: [ app_begin ] --END-- [ RunTime:0.001073s ]
NOTIC: [8] Undefined index:  authId D:\freehost\cyndi1991\web\OA\Home\Lib\ORG\Util\RBAC.class.php 第 177 行.
SQL: select node.id,node.name from oa_role as role,oa_role_user as user,oa_access as access ,oa_node as node where user.user_id='' and user.role_id=role.id and ( access.role_id=role.id  or (access.role_id=role.pid and role.pid!=0 ) ) and role.status=1 and access.node_id=node.id and node.level=1 and node.status=1 [ RunTime:0.000071s ]
NOTIC: [8] Undefined index:  authId D:\freehost\cyndi1991\web\OA\Home\Lib\Action\CommonAction.class.php 第 12 行.

[ 2013-05-22T13:12:48+08:00 ] 101.69.163.151 /oa/index.php?s=/Public/login
INFO: [ route_check ] --START--
INFO: Run CheckRoute Behavior [ RunTime:0.001273s ]
INFO: [ route_check ] --END-- [ RunTime:0.001351s ]
INFO: [ app_begin ] --START--
INFO: Run ReadHtmlCache Behavior [ RunTime:0.000932s ]
INFO: [ app_begin ] --END-- [ RunTime:0.000998s ]
INFO: [ view_template ] --START--
INFO: Run LocationTemplate Behavior [ RunTime:0.001127s ]
INFO: [ view_template ] --END-- [ RunTime:0.001194s ]
INFO: [ view_parse ] --START--
INFO: Run ParseTemplate Behavior [ RunTime:0.015313s ]
INFO: [ view_parse ] --END-- [ RunTime:0.015388s ]
INFO: [ view_filter ] --START--
INFO: Run ContentReplace Behavior [ RunTime:0.000764s ]
INFO: Run TokenBuild Behavior [ RunTime:0.000766s ]
INFO: Run WriteHtmlCache Behavior [ RunTime:0.000640s ]
INFO: Run ShowRuntime Behavior [ RunTime:0.000861s ]
INFO: [ view_filter ] --END-- [ RunTime:0.003198s ]
INFO: [ view_end ] --START--
INFO: Run ShowPageTrace Behavior [ RunTime:0.000985s ]
INFO: [ view_end ] --END-- [ RunTime:0.001044s ]

