[ 2013-05-21T11:48:47+08:00 ] 101.69.163.195 /OA/index.php
INFO: [ app_begin ] --START--
INFO: Run ReadHtmlCache Behavior [ RunTime:0.000954s ]
INFO: [ app_begin ] --END-- [ RunTime:0.001040s ]

[ 2013-05-21T11:48:47+08:00 ] ERR: (ThinkException) Access denied for user 'root'@'localhost' (using password: NO)
[ 2013-05-21T11:48:47+08:00 ] 101.69.163.195 /OA/index.php/Content/tables
INFO: [ route_check ] --START--
INFO: Run CheckRoute Behavior [ RunTime:0.001208s ]
INFO: [ route_check ] --END-- [ RunTime:0.001287s ]
INFO: [ app_begin ] --START--
INFO: Run ReadHtmlCache Behavior [ RunTime:0.000935s ]
INFO: [ app_begin ] --END-- [ RunTime:0.001001s ]
NOTIC: [8] Undefined offset:  2 D:\freehost\cyndi1991\web\OA\Home\Lib\Action\ContentAction.class.php 第 7 行.
NOTIC: [2] mysql_connect() [<a href='function.mysql-connect'>function.mysql-connect</a>]: Access denied for user 'root'@'localhost' (using password: NO) D:\freehost\cyndi1991\web\ThinkPHP\Lib\Driver\Db\DbMysql.class.php 第 55 行.
NOTIC: [8] Array to string conversion D:\freehost\cyndi1991\web\ThinkPHP\Lib\Core\ThinkException.class.php 第 64 行.
NOTIC: [8] Undefined index:  file D:\freehost\cyndi1991\web\ThinkPHP\Lib\Core\ThinkException.class.php 第 62 行.
NOTIC: [8] Undefined index:  line D:\freehost\cyndi1991\web\ThinkPHP\Lib\Core\ThinkException.class.php 第 62 行.
NOTIC: [4096] Object of class ContentAction could not be converted to string D:\freehost\cyndi1991\web\ThinkPHP\Lib\Core\ThinkException.class.php 第 64 行.
NOTIC: [8] Undefined index:  class D:\freehost\cyndi1991\web\ThinkPHP\Lib\Core\ThinkException.class.php 第 63 行.
NOTIC: [8] Undefined index:  type D:\freehost\cyndi1991\web\ThinkPHP\Lib\Core\ThinkException.class.php 第 63 行.
NOTIC: [8] Undefined index:  class D:\freehost\cyndi1991\web\ThinkPHP\Lib\Core\ThinkException.class.php 第 63 行.
NOTIC: [8] Undefined index:  type D:\freehost\cyndi1991\web\ThinkPHP\Lib\Core\ThinkException.class.php 第 63 行.

[ 2013-05-21T12:02:55+08:00 ] ERR: (ThinkException) 无法加载模块:Enter
[ 2013-05-21T12:04:16+08:00 ] ERR: (ThinkException) 无法加载模块:Enter
[ 2013-05-21T12:04:34+08:00 ] 101.69.163.195 /OA/index.php
INFO: [ app_begin ] --START--
INFO: Run ReadHtmlCache Behavior [ RunTime:0.000946s ]
INFO: [ app_begin ] --END-- [ RunTime:0.001030s ]
NOTIC: [8] Undefined index:  authId D:\freehost\cyndi1991\web\OA\Home\Lib\ORG\Util\RBAC.class.php 第 177 行.
SQL: select node.id,node.name from oa_role as role,oa_role_user as user,oa_access as access ,oa_node as node where user.user_id='' and user.role_id=role.id and ( access.role_id=role.id  or (access.role_id=role.pid and role.pid!=0 ) ) and role.status=1 and access.node_id=node.id and node.level=1 and node.status=1 [ RunTime:0.001069s ]
NOTIC: [8] Undefined index:  authId D:\freehost\cyndi1991\web\OA\Home\Lib\Action\CommonAction.class.php 第 12 行.

[ 2013-05-21T12:04:34+08:00 ] 101.69.163.195 /OA/index.php?s=/Public/login
INFO: [ route_check ] --START--
INFO: Run CheckRoute Behavior [ RunTime:0.001227s ]
INFO: [ route_check ] --END-- [ RunTime:0.001303s ]
INFO: [ app_begin ] --START--
INFO: Run ReadHtmlCache Behavior [ RunTime:0.000940s ]
INFO: [ app_begin ] --END-- [ RunTime:0.001005s ]
INFO: [ view_template ] --START--
INFO: Run LocationTemplate Behavior [ RunTime:0.001205s ]
INFO: [ view_template ] --END-- [ RunTime:0.001274s ]
INFO: [ view_parse ] --START--
INFO: Run ParseTemplate Behavior [ RunTime:0.010363s ]
INFO: [ view_parse ] --END-- [ RunTime:0.010436s ]
INFO: [ view_filter ] --START--
INFO: Run ContentReplace Behavior [ RunTime:0.000757s ]
INFO: Run TokenBuild Behavior [ RunTime:0.000762s ]
INFO: Run WriteHtmlCache Behavior [ RunTime:0.000718s ]
INFO: Run ShowRuntime Behavior [ RunTime:0.000855s ]
INFO: [ view_filter ] --END-- [ RunTime:0.003259s ]
INFO: [ view_end ] --START--
INFO: Run ShowPageTrace Behavior [ RunTime:0.000975s ]
INFO: [ view_end ] --END-- [ RunTime:0.001034s ]

[ 2013-05-21T12:04:56+08:00 ] 101.69.163.195 /OA/index.php?s=/Public/login
INFO: [ route_check ] --START--
INFO: Run CheckRoute Behavior [ RunTime:0.001211s ]
INFO: [ route_check ] --END-- [ RunTime:0.001288s ]
INFO: [ app_begin ] --START--
INFO: Run ReadHtmlCache Behavior [ RunTime:0.000935s ]
INFO: [ app_begin ] --END-- [ RunTime:0.001000s ]
INFO: [ view_template ] --START--
INFO: Run LocationTemplate Behavior [ RunTime:0.001080s ]
INFO: [ view_template ] --END-- [ RunTime:0.001148s ]
INFO: [ view_parse ] --START--
INFO: Run ParseTemplate Behavior [ RunTime:0.010380s ]
INFO: [ view_parse ] --END-- [ RunTime:0.010456s ]
INFO: [ view_filter ] --START--
INFO: Run ContentReplace Behavior [ RunTime:0.000765s ]
INFO: Run TokenBuild Behavior [ RunTime:0.000764s ]
INFO: Run WriteHtmlCache Behavior [ RunTime:0.000656s ]
INFO: Run ShowRuntime Behavior [ RunTime:0.000851s ]
INFO: [ view_filter ] --END-- [ RunTime:0.003204s ]
INFO: [ view_end ] --START--
INFO: Run ShowPageTrace Behavior [ RunTime:0.000975s ]
INFO: [ view_end ] --END-- [ RunTime:0.001033s ]

[ 2013-05-21T12:05:09+08:00 ] 101.69.163.195 /OA/index.php?s=/Public/checkLogin
INFO: [ route_check ] --START--
INFO: Run CheckRoute Behavior [ RunTime:0.001211s ]
INFO: [ route_check ] --END-- [ RunTime:0.001292s ]
INFO: [ app_begin ] --START--
INFO: Run ReadHtmlCache Behavior [ RunTime:0.000934s ]
INFO: [ app_begin ] --END-- [ RunTime:0.000999s ]
SQL: SHOW COLUMNS FROM `oa_user` [ RunTime:0.001226s ]
SQL: SELECT * FROM `oa_user` WHERE ( `account` = 'admin' ) AND ( `status` > 0 ) LIMIT 1   [ RunTime:0.000228s ]
SQL: UPDATE `oa_user` SET `last_login_time`=1369109109,`login_count`=login_count+1,`last_login_ip`='101.69.163.195' WHERE ( `id` = 7 ) [ RunTime:0.000200s ]
INFO: [ view_template ] --START--
INFO: Run LocationTemplate Behavior [ RunTime:0.001062s ]
INFO: [ view_template ] --END-- [ RunTime:0.001129s ]
INFO: [ view_parse ] --START--
INFO: Run ParseTemplate Behavior [ RunTime:0.009092s ]
INFO: [ view_parse ] --END-- [ RunTime:0.009166s ]
INFO: [ view_filter ] --START--
INFO: Run ContentReplace Behavior [ RunTime:0.000729s ]
INFO: Run TokenBuild Behavior [ RunTime:0.000739s ]
INFO: Run WriteHtmlCache Behavior [ RunTime:0.000621s ]
INFO: Run ShowRuntime Behavior [ RunTime:0.000834s ]
INFO: [ view_filter ] --END-- [ RunTime:0.003087s ]
INFO: [ view_end ] --START--
INFO: Run ShowPageTrace Behavior [ RunTime:0.000965s ]
INFO: [ view_end ] --END-- [ RunTime:0.001023s ]

[ 2013-05-21T12:05:10+08:00 ] 101.69.163.195 /OA/index.php?s=/Content/tables
INFO: [ route_check ] --START--
INFO: Run CheckRoute Behavior [ RunTime:0.001204s ]
INFO: [ route_check ] --END-- [ RunTime:0.001283s ]
INFO: [ app_begin ] --START--
INFO: Run ReadHtmlCache Behavior [ RunTime:0.000927s ]
INFO: [ app_begin ] --END-- [ RunTime:0.000993s ]
NOTIC: [8] Undefined offset:  2 D:\freehost\cyndi1991\web\OA\Home\Lib\Action\ContentAction.class.php 第 7 行.
SQL: SELECT u.id,u.nickname,c.am,c.pm,c.cid FROM oa_user AS u LEFT JOIN oa_content AS c ON c.uid=u.id  AND c.create_time='2013-05-21' WHERE ( u.is_admin = 0 ) AND ( u.status = 1 )  [ RunTime:0.003491s ]
SQL: SELECT u.id,t.spend,t.content,p.pname FROM oa_time AS t LEFT JOIN oa_user AS u ON t.uid = u.id LEFT JOIN oa_project AS p ON p.pid = t.pid WHERE ( t.create_time = '2013-05-21' )  [ RunTime:0.000770s ]
INFO: [ view_template ] --START--
INFO: Run LocationTemplate Behavior [ RunTime:0.001191s ]
INFO: [ view_template ] --END-- [ RunTime:0.001260s ]
INFO: [ view_parse ] --START--
NOTIC: [8] Undefined index:  other D:\freehost\cyndi1991\web\OA\Home\Runtime\Cache\e6f8cf68c9393d66e60321239d060d91.php 第 439 行.
NOTIC: [8] Undefined index:  other D:\freehost\cyndi1991\web\OA\Home\Runtime\Cache\e6f8cf68c9393d66e60321239d060d91.php 第 439 行.
NOTIC: [8] Undefined index:  other D:\freehost\cyndi1991\web\OA\Home\Runtime\Cache\e6f8cf68c9393d66e60321239d060d91.php 第 439 行.
NOTIC: [8] Undefined index:  other D:\freehost\cyndi1991\web\OA\Home\Runtime\Cache\e6f8cf68c9393d66e60321239d060d91.php 第 439 行.
NOTIC: [8] Undefined index:  other D:\freehost\cyndi1991\web\OA\Home\Runtime\Cache\e6f8cf68c9393d66e60321239d060d91.php 第 439 行.
NOTIC: [8] Undefined index:  other D:\freehost\cyndi1991\web\OA\Home\Runtime\Cache\e6f8cf68c9393d66e60321239d060d91.php 第 439 行.
NOTIC: [8] Undefined index:  other D:\freehost\cyndi1991\web\OA\Home\Runtime\Cache\e6f8cf68c9393d66e60321239d060d91.php 第 439 行.
NOTIC: [8] Undefined index:  other D:\freehost\cyndi1991\web\OA\Home\Runtime\Cache\e6f8cf68c9393d66e60321239d060d91.php 第 439 行.
NOTIC: [8] Undefined index:  other D:\freehost\cyndi1991\web\OA\Home\Runtime\Cache\e6f8cf68c9393d66e60321239d060d91.php 第 439 行.
INFO: Run ParseTemplate Behavior [ RunTime:0.022281s ]
INFO: [ view_parse ] --END-- [ RunTime:0.022351s ]
INFO: [ view_filter ] --START--
INFO: Run ContentReplace Behavior [ RunTime:0.000920s ]
INFO: Run TokenBuild Behavior [ RunTime:0.000774s ]
INFO: Run WriteHtmlCache Behavior [ RunTime:0.000625s ]
INFO: Run ShowRuntime Behavior [ RunTime:0.000895s ]
INFO: [ view_filter ] --END-- [ RunTime:0.003380s ]
INFO: [ view_end ] --START--
INFO: Run ShowPageTrace Behavior [ RunTime:0.000982s ]
INFO: [ view_end ] --END-- [ RunTime:0.001039s ]

[ 2013-05-21T12:05:21+08:00 ] 101.69.163.195 /OA/index.php?s=/Content/update/
INFO: [ route_check ] --START--
INFO: Run CheckRoute Behavior [ RunTime:0.001206s ]
INFO: [ route_check ] --END-- [ RunTime:0.001286s ]
INFO: [ app_begin ] --START--
INFO: Run ReadHtmlCache Behavior [ RunTime:0.000936s ]
INFO: [ app_begin ] --END-- [ RunTime:0.000990s ]
SQL: SHOW COLUMNS FROM `oa_content` [ RunTime:0.001045s ]
SQL: SELECT `cid` FROM `oa_content` WHERE ( `uid` = 1 ) AND ( `create_time` = '2013-05-21' ) LIMIT 1   [ RunTime:0.000383s ]
SQL: INSERT INTO `oa_content` (`uid`,`am`,`create_time`) VALUES (1,'','2013-05-21') [ RunTime:0.361912s ]

[ 2013-05-21T12:05:24+08:00 ] 101.69.163.195 /OA/index.php?s=/User/user
INFO: [ route_check ] --START--
INFO: Run CheckRoute Behavior [ RunTime:0.001211s ]
INFO: [ route_check ] --END-- [ RunTime:0.001291s ]
INFO: [ app_begin ] --START--
INFO: Run ReadHtmlCache Behavior [ RunTime:0.000930s ]
INFO: [ app_begin ] --END-- [ RunTime:0.000996s ]
SQL: SHOW COLUMNS FROM `oa_user` [ RunTime:0.000999s ]
SQL: SELECT * FROM `oa_user` WHERE ( `is_admin` = 0 )  [ RunTime:0.000242s ]
INFO: [ view_template ] --START--
INFO: Run LocationTemplate Behavior [ RunTime:0.001223s ]
INFO: [ view_template ] --END-- [ RunTime:0.001297s ]
INFO: [ view_parse ] --START--
INFO: Run ParseTemplate Behavior [ RunTime:0.019277s ]
INFO: [ view_parse ] --END-- [ RunTime:0.019356s ]
INFO: [ view_filter ] --START--
INFO: Run ContentReplace Behavior [ RunTime:0.000932s ]
INFO: Run TokenBuild Behavior [ RunTime:0.000775s ]
INFO: Run WriteHtmlCache Behavior [ RunTime:0.000627s ]
INFO: Run ShowRuntime Behavior [ RunTime:0.000882s ]
INFO: [ view_filter ] --END-- [ RunTime:0.003382s ]
INFO: [ view_end ] --START--
INFO: Run ShowPageTrace Behavior [ RunTime:0.000975s ]
INFO: [ view_end ] --END-- [ RunTime:0.001033s ]

[ 2013-05-21T12:05:27+08:00 ] 101.69.163.195 /OA/index.php?s=/User/group
INFO: [ route_check ] --START--
INFO: Run CheckRoute Behavior [ RunTime:0.001207s ]
INFO: [ route_check ] --END-- [ RunTime:0.001288s ]
INFO: [ app_begin ] --START--
INFO: Run ReadHtmlCache Behavior [ RunTime:0.000933s ]
INFO: [ app_begin ] --END-- [ RunTime:0.000998s ]
SQL: SHOW COLUMNS FROM `oa_role` [ RunTime:0.000800s ]
SQL: SELECT * FROM `oa_role` WHERE ( `status` = 1 )  [ RunTime:0.000209s ]
INFO: [ view_template ] --START--
INFO: Run LocationTemplate Behavior [ RunTime:0.001227s ]
INFO: [ view_template ] --END-- [ RunTime:0.001296s ]
INFO: [ view_parse ] --START--
INFO: Run ParseTemplate Behavior [ RunTime:0.018107s ]
INFO: [ view_parse ] --END-- [ RunTime:0.018185s ]
INFO: [ view_filter ] --START--
INFO: Run ContentReplace Behavior [ RunTime:0.000823s ]
INFO: Run TokenBuild Behavior [ RunTime:0.000752s ]
INFO: Run WriteHtmlCache Behavior [ RunTime:0.000623s ]
INFO: Run ShowRuntime Behavior [ RunTime:0.000862s ]
INFO: [ view_filter ] --END-- [ RunTime:0.003225s ]
INFO: [ view_end ] --START--
INFO: Run ShowPageTrace Behavior [ RunTime:0.000986s ]
INFO: [ view_end ] --END-- [ RunTime:0.001044s ]

[ 2013-05-21T12:05:29+08:00 ] 101.69.163.195 /OA/index.php?s=/User/user
INFO: [ route_check ] --START--
INFO: Run CheckRoute Behavior [ RunTime:0.001212s ]
INFO: [ route_check ] --END-- [ RunTime:0.001294s ]
INFO: [ app_begin ] --START--
INFO: Run ReadHtmlCache Behavior [ RunTime:0.000931s ]
INFO: [ app_begin ] --END-- [ RunTime:0.000996s ]
SQL: SHOW COLUMNS FROM `oa_user` [ RunTime:0.001015s ]
SQL: SELECT * FROM `oa_user` WHERE ( `is_admin` = 0 )  [ RunTime:0.000105s ]
INFO: [ view_template ] --START--
INFO: Run LocationTemplate Behavior [ RunTime:0.001199s ]
INFO: [ view_template ] --END-- [ RunTime:0.001274s ]
INFO: [ view_parse ] --START--
INFO: Run ParseTemplate Behavior [ RunTime:0.019331s ]
INFO: [ view_parse ] --END-- [ RunTime:0.019411s ]
INFO: [ view_filter ] --START--
INFO: Run ContentReplace Behavior [ RunTime:0.000928s ]
INFO: Run TokenBuild Behavior [ RunTime:0.000773s ]
INFO: Run WriteHtmlCache Behavior [ RunTime:0.000628s ]
INFO: Run ShowRuntime Behavior [ RunTime:0.000877s ]
INFO: [ view_filter ] --END-- [ RunTime:0.003377s ]
INFO: [ view_end ] --START--
INFO: Run ShowPageTrace Behavior [ RunTime:0.000976s ]
INFO: [ view_end ] --END-- [ RunTime:0.001034s ]

[ 2013-05-21T12:05:33+08:00 ] 101.69.163.195 /OA/index.php?s=/User/group
INFO: [ route_check ] --START--
INFO: Run CheckRoute Behavior [ RunTime:0.001210s ]
INFO: [ route_check ] --END-- [ RunTime:0.001289s ]
INFO: [ app_begin ] --START--
INFO: Run ReadHtmlCache Behavior [ RunTime:0.000930s ]
INFO: [ app_begin ] --END-- [ RunTime:0.000994s ]
SQL: SHOW COLUMNS FROM `oa_role` [ RunTime:0.000816s ]
SQL: SELECT * FROM `oa_role` WHERE ( `status` = 1 )  [ RunTime:0.000083s ]
INFO: [ view_template ] --START--
INFO: Run LocationTemplate Behavior [ RunTime:0.001176s ]
INFO: [ view_template ] --END-- [ RunTime:0.001245s ]
INFO: [ view_parse ] --START--
INFO: Run ParseTemplate Behavior [ RunTime:0.018130s ]
INFO: [ view_parse ] --END-- [ RunTime:0.018209s ]
INFO: [ view_filter ] --START--
INFO: Run ContentReplace Behavior [ RunTime:0.000819s ]
INFO: Run TokenBuild Behavior [ RunTime:0.000751s ]
INFO: Run WriteHtmlCache Behavior [ RunTime:0.000623s ]
INFO: Run ShowRuntime Behavior [ RunTime:0.000860s ]
INFO: [ view_filter ] --END-- [ RunTime:0.003217s ]
INFO: [ view_end ] --START--
INFO: Run ShowPageTrace Behavior [ RunTime:0.000990s ]
INFO: [ view_end ] --END-- [ RunTime:0.001048s ]

[ 2013-05-21T12:05:35+08:00 ] 101.69.163.195 /OA/index.php?s=/User/power
INFO: [ route_check ] --START--
INFO: Run CheckRoute Behavior [ RunTime:0.001211s ]
INFO: [ route_check ] --END-- [ RunTime:0.001292s ]
INFO: [ app_begin ] --START--
INFO: Run ReadHtmlCache Behavior [ RunTime:0.000929s ]
INFO: [ app_begin ] --END-- [ RunTime:0.000995s ]
SQL: SHOW COLUMNS FROM `oa_role` [ RunTime:0.000820s ]
SQL: SHOW COLUMNS FROM `oa_access` [ RunTime:0.000645s ]
SQL: SHOW COLUMNS FROM `oa_node` [ RunTime:0.000782s ]
NOTIC: [8] Undefined offset:  2 D:\freehost\cyndi1991\web\OA\Home\Lib\Action\UserAction.class.php 第 222 行.
NOTIC: [8] Undefined offset:  3 D:\freehost\cyndi1991\web\OA\Home\Lib\Action\UserAction.class.php 第 223 行.
NOTIC: [8] Undefined offset:  4 D:\freehost\cyndi1991\web\OA\Home\Lib\Action\UserAction.class.php 第 224 行.
SQL: SELECT `name` FROM `oa_role` WHERE ( `id` = 1 ) LIMIT 1   [ RunTime:0.000180s ]
SQL: SELECT * FROM `oa_role` WHERE ( `status` = 1 )  [ RunTime:0.000078s ]
SQL: SELECT * FROM `oa_node` WHERE ( `level` = 1 ) AND ( `status` = 1 )  [ RunTime:0.000191s ]
SQL: SELECT * FROM `oa_node` WHERE ( `level` = 2 ) AND ( `status` = 1 ) AND ( `pid` = null )  [ RunTime:0.000149s ]
SQL: SELECT * FROM `oa_node` WHERE ( `level` = 3 ) AND ( `status` = 1 ) AND ( `pid` = null )  [ RunTime:0.000127s ]
SQL: SELECT * FROM `oa_access` WHERE ( `role_id` = 1 )  [ RunTime:0.000221s ]
NOTIC: [2] Invalid argument supplied for foreach() D:\freehost\cyndi1991\web\OA\Home\Lib\Action\UserAction.class.php 第 250 行.
NOTIC: [2] Invalid argument supplied for foreach() D:\freehost\cyndi1991\web\OA\Home\Lib\Action\UserAction.class.php 第 255 行.
INFO: [ view_template ] --START--
INFO: Run LocationTemplate Behavior [ RunTime:0.001225s ]
INFO: [ view_template ] --END-- [ RunTime:0.001294s ]
INFO: [ view_parse ] --START--
INFO: Run ParseTemplate Behavior [ RunTime:0.025866s ]
INFO: [ view_parse ] --END-- [ RunTime:0.025949s ]
INFO: [ view_filter ] --START--
INFO: Run ContentReplace Behavior [ RunTime:0.000855s ]
INFO: Run TokenBuild Behavior [ RunTime:0.000759s ]
INFO: Run WriteHtmlCache Behavior [ RunTime:0.000630s ]
INFO: Run ShowRuntime Behavior [ RunTime:0.000875s ]
INFO: [ view_filter ] --END-- [ RunTime:0.003282s ]
INFO: [ view_end ] --START--
INFO: Run ShowPageTrace Behavior [ RunTime:0.000975s ]
INFO: [ view_end ] --END-- [ RunTime:0.001034s ]

[ 2013-05-21T12:05:40+08:00 ] 101.69.163.195 /OA/index.php?s=/User/power
INFO: [ route_check ] --START--
INFO: Run CheckRoute Behavior [ RunTime:0.001209s ]
INFO: [ route_check ] --END-- [ RunTime:0.001291s ]
INFO: [ app_begin ] --START--
INFO: Run ReadHtmlCache Behavior [ RunTime:0.000933s ]
INFO: [ app_begin ] --END-- [ RunTime:0.000999s ]
SQL: SHOW COLUMNS FROM `oa_role` [ RunTime:0.000815s ]
SQL: SHOW COLUMNS FROM `oa_access` [ RunTime:0.000643s ]
SQL: SHOW COLUMNS FROM `oa_node` [ RunTime:0.000787s ]
NOTIC: [8] Undefined offset:  2 D:\freehost\cyndi1991\web\OA\Home\Lib\Action\UserAction.class.php 第 222 行.
NOTIC: [8] Undefined offset:  3 D:\freehost\cyndi1991\web\OA\Home\Lib\Action\UserAction.class.php 第 223 行.
NOTIC: [8] Undefined offset:  4 D:\freehost\cyndi1991\web\OA\Home\Lib\Action\UserAction.class.php 第 224 行.
SQL: SELECT `name` FROM `oa_role` WHERE ( `id` = 1 ) LIMIT 1   [ RunTime:0.000084s ]
SQL: SELECT * FROM `oa_role` WHERE ( `status` = 1 )  [ RunTime:0.000072s ]
SQL: SELECT * FROM `oa_node` WHERE ( `level` = 1 ) AND ( `status` = 1 )  [ RunTime:0.000070s ]
SQL: SELECT * FROM `oa_node` WHERE ( `level` = 2 ) AND ( `status` = 1 ) AND ( `pid` = null )  [ RunTime:0.000069s ]
SQL: SELECT * FROM `oa_node` WHERE ( `level` = 3 ) AND ( `status` = 1 ) AND ( `pid` = null )  [ RunTime:0.000069s ]
SQL: SELECT * FROM `oa_access` WHERE ( `role_id` = 1 )  [ RunTime:0.000074s ]
NOTIC: [2] Invalid argument supplied for foreach() D:\freehost\cyndi1991\web\OA\Home\Lib\Action\UserAction.class.php 第 250 行.
NOTIC: [2] Invalid argument supplied for foreach() D:\freehost\cyndi1991\web\OA\Home\Lib\Action\UserAction.class.php 第 255 行.
INFO: [ view_template ] --START--
INFO: Run LocationTemplate Behavior [ RunTime:0.001186s ]
INFO: [ view_template ] --END-- [ RunTime:0.001253s ]
INFO: [ view_parse ] --START--
INFO: Run ParseTemplate Behavior [ RunTime:0.025818s ]
INFO: [ view_parse ] --END-- [ RunTime:0.025897s ]
INFO: [ view_filter ] --START--
INFO: Run ContentReplace Behavior [ RunTime:0.000840s ]
INFO: Run TokenBuild Behavior [ RunTime:0.000762s ]
INFO: Run WriteHtmlCache Behavior [ RunTime:0.000626s ]
INFO: Run ShowRuntime Behavior [ RunTime:0.000864s ]
INFO: [ view_filter ] --END-- [ RunTime:0.003256s ]
INFO: [ view_end ] --START--
INFO: Run ShowPageTrace Behavior [ RunTime:0.000971s ]
INFO: [ view_end ] --END-- [ RunTime:0.001029s ]

[ 2013-05-21T12:05:42+08:00 ] 101.69.163.195 /OA/index.php?s=/User/power/1/1
INFO: [ route_check ] --START--
INFO: Run CheckRoute Behavior [ RunTime:0.001209s ]
INFO: [ route_check ] --END-- [ RunTime:0.001290s ]
INFO: [ app_begin ] --START--
INFO: Run ReadHtmlCache Behavior [ RunTime:0.000963s ]
INFO: [ app_begin ] --END-- [ RunTime:0.001028s ]
SQL: SHOW COLUMNS FROM `oa_role` [ RunTime:0.000854s ]
SQL: SHOW COLUMNS FROM `oa_access` [ RunTime:0.000694s ]
SQL: SHOW COLUMNS FROM `oa_node` [ RunTime:0.000750s ]
NOTIC: [8] Undefined offset:  4 D:\freehost\cyndi1991\web\OA\Home\Lib\Action\UserAction.class.php 第 224 行.
SQL: SELECT `name` FROM `oa_role` WHERE ( `id` = 1 ) LIMIT 1   [ RunTime:0.000082s ]
SQL: SELECT * FROM `oa_role` WHERE ( `status` = 1 )  [ RunTime:0.000072s ]
SQL: SELECT * FROM `oa_node` WHERE ( `level` = 1 ) AND ( `status` = 1 )  [ RunTime:0.000071s ]
SQL: SELECT * FROM `oa_node` WHERE ( `level` = 2 ) AND ( `status` = 1 ) AND ( `pid` = 1 )  [ RunTime:0.000230s ]
SQL: SELECT * FROM `oa_node` WHERE ( `level` = 3 ) AND ( `status` = 1 ) AND ( `pid` = null )  [ RunTime:0.000072s ]
SQL: SELECT * FROM `oa_access` WHERE ( `role_id` = 1 )  [ RunTime:0.000073s ]
NOTIC: [2] Invalid argument supplied for foreach() D:\freehost\cyndi1991\web\OA\Home\Lib\Action\UserAction.class.php 第 255 行.
INFO: [ view_template ] --START--
INFO: Run LocationTemplate Behavior [ RunTime:0.001236s ]
INFO: [ view_template ] --END-- [ RunTime:0.001309s ]
INFO: [ view_parse ] --START--
INFO: Run ParseTemplate Behavior [ RunTime:0.025718s ]
INFO: [ view_parse ] --END-- [ RunTime:0.025801s ]
INFO: [ view_filter ] --START--
INFO: Run ContentReplace Behavior [ RunTime:0.000876s ]
INFO: Run TokenBuild Behavior [ RunTime:0.000762s ]
INFO: Run WriteHtmlCache Behavior [ RunTime:0.000627s ]
INFO: Run ShowRuntime Behavior [ RunTime:0.000868s ]
INFO: [ view_filter ] --END-- [ RunTime:0.003297s ]
INFO: [ view_end ] --START--
INFO: Run ShowPageTrace Behavior [ RunTime:0.000970s ]
INFO: [ view_end ] --END-- [ RunTime:0.001027s ]

[ 2013-05-21T12:05:44+08:00 ] 101.69.163.195 /OA/index.php?s=/User/power/2
INFO: [ route_check ] --START--
INFO: Run CheckRoute Behavior [ RunTime:0.001210s ]
INFO: [ route_check ] --END-- [ RunTime:0.001290s ]
INFO: [ app_begin ] --START--
INFO: Run ReadHtmlCache Behavior [ RunTime:0.000930s ]
INFO: [ app_begin ] --END-- [ RunTime:0.000995s ]
SQL: SHOW COLUMNS FROM `oa_role` [ RunTime:0.000816s ]
SQL: SHOW COLUMNS FROM `oa_access` [ RunTime:0.000649s ]
SQL: SHOW COLUMNS FROM `oa_node` [ RunTime:0.000785s ]
NOTIC: [8] Undefined offset:  3 D:\freehost\cyndi1991\web\OA\Home\Lib\Action\UserAction.class.php 第 223 行.
NOTIC: [8] Undefined offset:  4 D:\freehost\cyndi1991\web\OA\Home\Lib\Action\UserAction.class.php 第 224 行.
SQL: SELECT `name` FROM `oa_role` WHERE ( `id` = 2 ) LIMIT 1   [ RunTime:0.000182s ]
SQL: SELECT * FROM `oa_role` WHERE ( `status` = 1 )  [ RunTime:0.000078s ]
SQL: SELECT * FROM `oa_node` WHERE ( `level` = 1 ) AND ( `status` = 1 )  [ RunTime:0.000070s ]
SQL: SELECT * FROM `oa_node` WHERE ( `level` = 2 ) AND ( `status` = 1 ) AND ( `pid` = null )  [ RunTime:0.000069s ]
SQL: SELECT * FROM `oa_node` WHERE ( `level` = 3 ) AND ( `status` = 1 ) AND ( `pid` = null )  [ RunTime:0.000069s ]
SQL: SELECT * FROM `oa_access` WHERE ( `role_id` = 2 )  [ RunTime:0.000177s ]
NOTIC: [2] Invalid argument supplied for foreach() D:\freehost\cyndi1991\web\OA\Home\Lib\Action\UserAction.class.php 第 250 行.
NOTIC: [2] Invalid argument supplied for foreach() D:\freehost\cyndi1991\web\OA\Home\Lib\Action\UserAction.class.php 第 255 行.
INFO: [ view_template ] --START--
INFO: Run LocationTemplate Behavior [ RunTime:0.001278s ]
INFO: [ view_template ] --END-- [ RunTime:0.001347s ]
INFO: [ view_parse ] --START--
INFO: Run ParseTemplate Behavior [ RunTime:0.024405s ]
INFO: [ view_parse ] --END-- [ RunTime:0.024483s ]
INFO: [ view_filter ] --START--
INFO: Run ContentReplace Behavior [ RunTime:0.000860s ]
INFO: Run TokenBuild Behavior [ RunTime:0.000772s ]
INFO: Run WriteHtmlCache Behavior [ RunTime:0.000631s ]
INFO: Run ShowRuntime Behavior [ RunTime:0.000868s ]
INFO: [ view_filter ] --END-- [ RunTime:0.003303s ]
INFO: [ view_end ] --START--
INFO: Run ShowPageTrace Behavior [ RunTime:0.000971s ]
INFO: [ view_end ] --END-- [ RunTime:0.001030s ]

[ 2013-05-21T12:05:47+08:00 ] 101.69.163.195 /OA/index.php?s=/Project/index
INFO: [ route_check ] --START--
INFO: Run CheckRoute Behavior [ RunTime:0.001213s ]
INFO: [ route_check ] --END-- [ RunTime:0.001293s ]
INFO: [ app_begin ] --START--
INFO: Run ReadHtmlCache Behavior [ RunTime:0.000933s ]
INFO: [ app_begin ] --END-- [ RunTime:0.000998s ]
SQL: SELECT p.pid,p.pname,p.start_time,p.end_time,p.state,t.uid,u.nickname,t.spend FROM oa_project AS p LEFT JOIN oa_time AS t ON p.pid = t.pid LEFT JOIN oa_user AS u ON u.id=t.uid WHERE ( p.is_del = 0 ) ORDER BY p.pid ASC,u.id ASC  [ RunTime:0.007345s ]
NOTIC: [8] Undefined index:  time D:\freehost\cyndi1991\web\OA\Home\Lib\Action\ProjectAction.class.php 第 20 行.
NOTIC: [8] Undefined index:  陈晓青 D:\freehost\cyndi1991\web\OA\Home\Lib\Action\ProjectAction.class.php 第 20 行.
NOTIC: [8] Undefined index:  张炜林 D:\freehost\cyndi1991\web\OA\Home\Lib\Action\ProjectAction.class.php 第 20 行.
NOTIC: [8] Undefined index:  lillian D:\freehost\cyndi1991\web\OA\Home\Lib\Action\ProjectAction.class.php 第 20 行.
NOTIC: [8] Undefined index:  time D:\freehost\cyndi1991\web\OA\Home\Lib\Action\ProjectAction.class.php 第 20 行.
NOTIC: [8] Undefined index:  陈晓青 D:\freehost\cyndi1991\web\OA\Home\Lib\Action\ProjectAction.class.php 第 20 行.
NOTIC: [8] Undefined index:  翁天萌 D:\freehost\cyndi1991\web\OA\Home\Lib\Action\ProjectAction.class.php 第 20 行.
NOTIC: [8] Undefined index:  lillian D:\freehost\cyndi1991\web\OA\Home\Lib\Action\ProjectAction.class.php 第 20 行.
NOTIC: [8] Undefined index:  time D:\freehost\cyndi1991\web\OA\Home\Lib\Action\ProjectAction.class.php 第 20 行.
NOTIC: [8] Undefined index:  陈晓青 D:\freehost\cyndi1991\web\OA\Home\Lib\Action\ProjectAction.class.php 第 20 行.
NOTIC: [8] Undefined index:  陈泽州 D:\freehost\cyndi1991\web\OA\Home\Lib\Action\ProjectAction.class.php 第 20 行.
NOTIC: [8] Undefined index:  张炜林 D:\freehost\cyndi1991\web\OA\Home\Lib\Action\ProjectAction.class.php 第 20 行.
NOTIC: [8] Undefined index:  翁天萌 D:\freehost\cyndi1991\web\OA\Home\Lib\Action\ProjectAction.class.php 第 20 行.
NOTIC: [8] Undefined index:  严慧亮 D:\freehost\cyndi1991\web\OA\Home\Lib\Action\ProjectAction.class.php 第 20 行.
NOTIC: [8] Undefined index:  lillian D:\freehost\cyndi1991\web\OA\Home\Lib\Action\ProjectAction.class.php 第 20 行.
NOTIC: [8] Undefined index:  time D:\freehost\cyndi1991\web\OA\Home\Lib\Action\ProjectAction.class.php 第 20 行.
NOTIC: [8] Undefined index:  陈晓青 D:\freehost\cyndi1991\web\OA\Home\Lib\Action\ProjectAction.class.php 第 20 行.
NOTIC: [8] Undefined index:  陆开韵 D:\freehost\cyndi1991\web\OA\Home\Lib\Action\ProjectAction.class.php 第 20 行.
NOTIC: [8] Undefined index:  time D:\freehost\cyndi1991\web\OA\Home\Lib\Action\ProjectAction.class.php 第 20 行.
NOTIC: [8] Undefined index:  lillian D:\freehost\cyndi1991\web\OA\Home\Lib\Action\ProjectAction.class.php 第 20 行.
NOTIC: [8] Undefined index:  time D:\freehost\cyndi1991\web\OA\Home\Lib\Action\ProjectAction.class.php 第 20 行.
NOTIC: [8] Undefined index:  陈晓青 D:\freehost\cyndi1991\web\OA\Home\Lib\Action\ProjectAction.class.php 第 20 行.
NOTIC: [8] Undefined index:  张炜林 D:\freehost\cyndi1991\web\OA\Home\Lib\Action\ProjectAction.class.php 第 20 行.
NOTIC: [8] Undefined index:  严慧亮 D:\freehost\cyndi1991\web\OA\Home\Lib\Action\ProjectAction.class.php 第 20 行.
NOTIC: [8] Undefined index:  time D:\freehost\cyndi1991\web\OA\Home\Lib\Action\ProjectAction.class.php 第 20 行.
NOTIC: [8] Undefined index:  陈晓青 D:\freehost\cyndi1991\web\OA\Home\Lib\Action\ProjectAction.class.php 第 20 行.
NOTIC: [8] Undefined index:  陆开韵 D:\freehost\cyndi1991\web\OA\Home\Lib\Action\ProjectAction.class.php 第 20 行.
NOTIC: [8] Undefined index:  陈泽州 D:\freehost\cyndi1991\web\OA\Home\Lib\Action\ProjectAction.class.php 第 20 行.
NOTIC: [8] Undefined index:  翁天萌 D:\freehost\cyndi1991\web\OA\Home\Lib\Action\ProjectAction.class.php 第 20 行.
NOTIC: [8] Undefined index:  严慧亮 D:\freehost\cyndi1991\web\OA\Home\Lib\Action\ProjectAction.class.php 第 20 行.
NOTIC: [8] Undefined index:  lillian D:\freehost\cyndi1991\web\OA\Home\Lib\Action\ProjectAction.class.php 第 20 行.
NOTIC: [8] Undefined index:  高卡妮 D:\freehost\cyndi1991\web\OA\Home\Lib\Action\ProjectAction.class.php 第 20 行.
NOTIC: [8] Undefined index:  段鹏飞 D:\freehost\cyndi1991\web\OA\Home\Lib\Action\ProjectAction.class.php 第 20 行.
NOTIC: [8] Undefined index:  time D:\freehost\cyndi1991\web\OA\Home\Lib\Action\ProjectAction.class.php 第 20 行.
NOTIC: [8] Undefined index:  陈泽州 D:\freehost\cyndi1991\web\OA\Home\Lib\Action\ProjectAction.class.php 第 20 行.
NOTIC: [8] Undefined index:  lillian D:\freehost\cyndi1991\web\OA\Home\Lib\Action\ProjectAction.class.php 第 20 行.
NOTIC: [8] Undefined index:  高卡妮 D:\freehost\cyndi1991\web\OA\Home\Lib\Action\ProjectAction.class.php 第 20 行.
NOTIC: [8] Undefined index:  time D:\freehost\cyndi1991\web\OA\Home\Lib\Action\ProjectAction.class.php 第 20 行.
NOTIC: [8] Undefined index:  陈泽州 D:\freehost\cyndi1991\web\OA\Home\Lib\Action\ProjectAction.class.php 第 20 行.
NOTIC: [8] Undefined index:  翁天萌 D:\freehost\cyndi1991\web\OA\Home\Lib\Action\ProjectAction.class.php 第 20 行.
NOTIC: [8] Undefined index:  严慧亮 D:\freehost\cyndi1991\web\OA\Home\Lib\Action\ProjectAction.class.php 第 20 行.
NOTIC: [8] Undefined index:  lillian D:\freehost\cyndi1991\web\OA\Home\Lib\Action\ProjectAction.class.php 第 20 行.
NOTIC: [8] Undefined index:  高卡妮 D:\freehost\cyndi1991\web\OA\Home\Lib\Action\ProjectAction.class.php 第 20 行.
NOTIC: [8] Undefined index:  time D:\freehost\cyndi1991\web\OA\Home\Lib\Action\ProjectAction.class.php 第 20 行.
NOTIC: [8] Undefined index:  陆开韵 D:\freehost\cyndi1991\web\OA\Home\Lib\Action\ProjectAction.class.php 第 20 行.
NOTIC: [8] Undefined index:  张炜林 D:\freehost\cyndi1991\web\OA\Home\Lib\Action\ProjectAction.class.php 第 20 行.
NOTIC: [8] Undefined index:  翁天萌 D:\freehost\cyndi1991\web\OA\Home\Lib\Action\ProjectAction.class.php 第 20 行.
NOTIC: [8] Undefined index:  严慧亮 D:\freehost\cyndi1991\web\OA\Home\Lib\Action\ProjectAction.class.php 第 20 行.
NOTIC: [8] Undefined index:  lillian D:\freehost\cyndi1991\web\OA\Home\Lib\Action\ProjectAction.class.php 第 20 行.
NOTIC: [8] Undefined index:  高卡妮 D:\freehost\cyndi1991\web\OA\Home\Lib\Action\ProjectAction.class.php 第 20 行.
NOTIC: [8] Undefined index:  吴瑛华 D:\freehost\cyndi1991\web\OA\Home\Lib\Action\ProjectAction.class.php 第 20 行.
NOTIC: [8] Undefined index:  time D:\freehost\cyndi1991\web\OA\Home\Lib\Action\ProjectAction.class.php 第 20 行.
NOTIC: [8] Undefined index:  陈晓青 D:\freehost\cyndi1991\web\OA\Home\Lib\Action\ProjectAction.class.php 第 20 行.
NOTIC: [8] Undefined index:  翁天萌 D:\freehost\cyndi1991\web\OA\Home\Lib\Action\ProjectAction.class.php 第 20 行.
NOTIC: [8] Undefined index:  time D:\freehost\cyndi1991\web\OA\Home\Lib\Action\ProjectAction.class.php 第 20 行.
NOTIC: [8] Undefined index:  张炜林 D:\freehost\cyndi1991\web\OA\Home\Lib\Action\ProjectAction.class.php 第 20 行.
NOTIC: [8] Undefined index:  翁天萌 D:\freehost\cyndi1991\web\OA\Home\Lib\Action\ProjectAction.class.php 第 20 行.
NOTIC: [8] Undefined index:  吴瑛华 D:\freehost\cyndi1991\web\OA\Home\Lib\Action\ProjectAction.class.php 第 20 行.
NOTIC: [8] Undefined index:  time D:\freehost\cyndi1991\web\OA\Home\Lib\Action\ProjectAction.class.php 第 20 行.
NOTIC: [8] Undefined index:  陆开韵 D:\freehost\cyndi1991\web\OA\Home\Lib\Action\ProjectAction.class.php 第 20 行.
NOTIC: [8] Undefined index:  lillian D:\freehost\cyndi1991\web\OA\Home\Lib\Action\ProjectAction.class.php 第 20 行.
NOTIC: [8] Undefined index:  高卡妮 D:\freehost\cyndi1991\web\OA\Home\Lib\Action\ProjectAction.class.php 第 20 行.
NOTIC: [8] Undefined index:  娄伟康 D:\freehost\cyndi1991\web\OA\Home\Lib\Action\ProjectAction.class.php 第 20 行.
NOTIC: [8] Undefined index:  time D:\freehost\cyndi1991\web\OA\Home\Lib\Action\ProjectAction.class.php 第 20 行.
NOTIC: [8] Undefined index:  lillian D:\freehost\cyndi1991\web\OA\Home\Lib\Action\ProjectAction.class.php 第 20 行.
NOTIC: [8] Undefined index:  高卡妮 D:\freehost\cyndi1991\web\OA\Home\Lib\Action\ProjectAction.class.php 第 20 行.
NOTIC: [8] Undefined index:  娄伟康 D:\freehost\cyndi1991\web\OA\Home\Lib\Action\ProjectAction.class.php 第 20 行.
NOTIC: [8] Undefined index:  王磊 D:\freehost\cyndi1991\web\OA\Home\Lib\Action\ProjectAction.class.php 第 20 行.
NOTIC: [8] Undefined index:  time D:\freehost\cyndi1991\web\OA\Home\Lib\Action\ProjectAction.class.php 第 20 行.
NOTIC: [8] Undefined index:  陈晓青 D:\freehost\cyndi1991\web\OA\Home\Lib\Action\ProjectAction.class.php 第 20 行.
NOTIC: [8] Undefined index:  陆开韵 D:\freehost\cyndi1991\web\OA\Home\Lib\Action\ProjectAction.class.php 第 20 行.
NOTIC: [8] Undefined index:  lillian D:\freehost\cyndi1991\web\OA\Home\Lib\Action\ProjectAction.class.php 第 20 行.
NOTIC: [8] Undefined index:  time D:\freehost\cyndi1991\web\OA\Home\Lib\Action\ProjectAction.class.php 第 20 行.
NOTIC: [8] Undefined index:  张炜林 D:\freehost\cyndi1991\web\OA\Home\Lib\Action\ProjectAction.class.php 第 20 行.
NOTIC: [8] Undefined index:  lillian D:\freehost\cyndi1991\web\OA\Home\Lib\Action\ProjectAction.class.php 第 20 行.
NOTIC: [8] Undefined index:  time D:\freehost\cyndi1991\web\OA\Home\Lib\Action\ProjectAction.class.php 第 20 行.
NOTIC: [8] Undefined index:  严慧亮 D:\freehost\cyndi1991\web\OA\Home\Lib\Action\ProjectAction.class.php 第 20 行.
NOTIC: [8] Undefined index:  lillian D:\freehost\cyndi1991\web\OA\Home\Lib\Action\ProjectAction.class.php 第 20 行.
NOTIC: [8] Undefined index:  time D:\freehost\cyndi1991\web\OA\Home\Lib\Action\ProjectAction.class.php 第 20 行.
NOTIC: [8] Undefined index:   D:\freehost\cyndi1991\web\OA\Home\Lib\Action\ProjectAction.class.php 第 20 行.
INFO: [ view_template ] --START--
INFO: Run LocationTemplate Behavior [ RunTime:0.001233s ]
INFO: [ view_template ] --END-- [ RunTime:0.001309s ]
INFO: [ view_parse ] --START--
INFO: Run ParseTemplate Behavior [ RunTime:0.020724s ]
INFO: [ view_parse ] --END-- [ RunTime:0.020805s ]
INFO: [ view_filter ] --START--
INFO: Run ContentReplace Behavior [ RunTime:0.000944s ]
INFO: Run TokenBuild Behavior [ RunTime:0.000775s ]
INFO: Run WriteHtmlCache Behavior [ RunTime:0.000625s ]
INFO: Run ShowRuntime Behavior [ RunTime:0.000917s ]
INFO: [ view_filter ] --END-- [ RunTime:0.003432s ]
INFO: [ view_end ] --START--
INFO: Run ShowPageTrace Behavior [ RunTime:0.000976s ]
INFO: [ view_end ] --END-- [ RunTime:0.001035s ]

[ 2013-05-21T12:05:50+08:00 ] 101.69.163.195 /OA/index.php?s=/Project/timeAxis
INFO: [ route_check ] --START--
INFO: Run CheckRoute Behavior [ RunTime:0.001209s ]
INFO: [ route_check ] --END-- [ RunTime:0.001291s ]
INFO: [ app_begin ] --START--
INFO: Run ReadHtmlCache Behavior [ RunTime:0.000928s ]
INFO: [ app_begin ] --END-- [ RunTime:0.000992s ]
SQL: SELECT t.create_time,u.nickname,t.uid,p.pname,t.spend,t.content FROM oa_role AS r LEFT JOIN oa_role_user AS ru ON r.id = ru.role_id LEFT JOIN oa_user AS u ON u.id = ru.user_id  RIGHT JOIN oa_time AS t ON t.uid = u.id  LEFT JOIN oa_project AS p ON t.pid = p.pid WHERE ( r.id = 4 ) AND ( u.status = 1 ) AND ( u.is_admin = 0 ) ORDER BY t.create_time DESC,u.id ASC  [ RunTime:0.002038s ]
SQL: SELECT t.create_time,u.nickname,t.uid,p.pname,t.spend,t.content FROM oa_role AS r LEFT JOIN oa_role_user AS ru ON r.id = ru.role_id LEFT JOIN oa_user AS u ON u.id = ru.user_id  RIGHT JOIN oa_time AS t ON t.uid = u.id  LEFT JOIN oa_project AS p ON t.pid = p.pid WHERE ( r.id = 2 ) AND ( u.status = 1 ) AND ( u.is_admin = 0 ) ORDER BY t.create_time DESC,u.id ASC  [ RunTime:0.002500s ]
INFO: [ view_template ] --START--
INFO: Run LocationTemplate Behavior [ RunTime:0.001221s ]
INFO: [ view_template ] --END-- [ RunTime:0.001296s ]
INFO: [ view_parse ] --START--
NOTIC: [8] Undefined index:  user D:\freehost\cyndi1991\web\OA\Home\Runtime\Cache\dce973fa3b03fff1c9693f62c28ab0c7.php 第 64 行.
NOTIC: [8] Undefined index:  date D:\freehost\cyndi1991\web\OA\Home\Runtime\Cache\dce973fa3b03fff1c9693f62c28ab0c7.php 第 39 行.
NOTIC: [8] Undefined index:  pm D:\freehost\cyndi1991\web\OA\Home\Runtime\Cache\dce973fa3b03fff1c9693f62c28ab0c7.php 第 51 行.
NOTIC: [8] Undefined index:  date D:\freehost\cyndi1991\web\OA\Home\Runtime\Cache\dce973fa3b03fff1c9693f62c28ab0c7.php 第 39 行.
NOTIC: [8] Undefined index:  pm D:\freehost\cyndi1991\web\OA\Home\Runtime\Cache\dce973fa3b03fff1c9693f62c28ab0c7.php 第 51 行.
NOTIC: [8] Undefined index:  date D:\freehost\cyndi1991\web\OA\Home\Runtime\Cache\dce973fa3b03fff1c9693f62c28ab0c7.php 第 39 行.
NOTIC: [8] Undefined index:  pm D:\freehost\cyndi1991\web\OA\Home\Runtime\Cache\dce973fa3b03fff1c9693f62c28ab0c7.php 第 51 行.
NOTIC: [8] Undefined index:  date D:\freehost\cyndi1991\web\OA\Home\Runtime\Cache\dce973fa3b03fff1c9693f62c28ab0c7.php 第 39 行.
NOTIC: [8] Undefined index:  pm D:\freehost\cyndi1991\web\OA\Home\Runtime\Cache\dce973fa3b03fff1c9693f62c28ab0c7.php 第 51 行.
NOTIC: [8] Undefined index:  date D:\freehost\cyndi1991\web\OA\Home\Runtime\Cache\dce973fa3b03fff1c9693f62c28ab0c7.php 第 39 行.
NOTIC: [8] Undefined index:  pm D:\freehost\cyndi1991\web\OA\Home\Runtime\Cache\dce973fa3b03fff1c9693f62c28ab0c7.php 第 51 行.
NOTIC: [8] Undefined index:  date D:\freehost\cyndi1991\web\OA\Home\Runtime\Cache\dce973fa3b03fff1c9693f62c28ab0c7.php 第 39 行.
NOTIC: [8] Undefined index:  pm D:\freehost\cyndi1991\web\OA\Home\Runtime\Cache\dce973fa3b03fff1c9693f62c28ab0c7.php 第 51 行.
NOTIC: [8] Undefined index:  date D:\freehost\cyndi1991\web\OA\Home\Runtime\Cache\dce973fa3b03fff1c9693f62c28ab0c7.php 第 39 行.
NOTIC: [8] Undefined index:  pm D:\freehost\cyndi1991\web\OA\Home\Runtime\Cache\dce973fa3b03fff1c9693f62c28ab0c7.php 第 51 行.
NOTIC: [8] Undefined index:  date D:\freehost\cyndi1991\web\OA\Home\Runtime\Cache\dce973fa3b03fff1c9693f62c28ab0c7.php 第 39 行.
NOTIC: [8] Undefined index:  pm D:\freehost\cyndi1991\web\OA\Home\Runtime\Cache\dce973fa3b03fff1c9693f62c28ab0c7.php 第 51 行.
NOTIC: [8] Undefined index:  date D:\freehost\cyndi1991\web\OA\Home\Runtime\Cache\dce973fa3b03fff1c9693f62c28ab0c7.php 第 39 行.
NOTIC: [8] Undefined index:  pm D:\freehost\cyndi1991\web\OA\Home\Runtime\Cache\dce973fa3b03fff1c9693f62c28ab0c7.php 第 51 行.
NOTIC: [8] Undefined index:  date D:\freehost\cyndi1991\web\OA\Home\Runtime\Cache\dce973fa3b03fff1c9693f62c28ab0c7.php 第 39 行.
NOTIC: [8] Undefined index:  pm D:\freehost\cyndi1991\web\OA\Home\Runtime\Cache\dce973fa3b03fff1c9693f62c28ab0c7.php 第 51 行.
NOTIC: [8] Undefined index:  date D:\freehost\cyndi1991\web\OA\Home\Runtime\Cache\dce973fa3b03fff1c9693f62c28ab0c7.php 第 39 行.
NOTIC: [8] Undefined index:  pm D:\freehost\cyndi1991\web\OA\Home\Runtime\Cache\dce973fa3b03fff1c9693f62c28ab0c7.php 第 51 行.
NOTIC: [8] Undefined index:  date D:\freehost\cyndi1991\web\OA\Home\Runtime\Cache\dce973fa3b03fff1c9693f62c28ab0c7.php 第 39 行.
NOTIC: [8] Undefined index:  pm D:\freehost\cyndi1991\web\OA\Home\Runtime\Cache\dce973fa3b03fff1c9693f62c28ab0c7.php 第 51 行.
NOTIC: [8] Undefined index:  date D:\freehost\cyndi1991\web\OA\Home\Runtime\Cache\dce973fa3b03fff1c9693f62c28ab0c7.php 第 39 行.
NOTIC: [8] Undefined index:  pm D:\freehost\cyndi1991\web\OA\Home\Runtime\Cache\dce973fa3b03fff1c9693f62c28ab0c7.php 第 51 行.
NOTIC: [8] Undefined index:  date D:\freehost\cyndi1991\web\OA\Home\Runtime\Cache\dce973fa3b03fff1c9693f62c28ab0c7.php 第 39 行.
NOTIC: [8] Undefined index:  pm D:\freehost\cyndi1991\web\OA\Home\Runtime\Cache\dce973fa3b03fff1c9693f62c28ab0c7.php 第 51 行.
NOTIC: [8] Undefined index:  date D:\freehost\cyndi1991\web\OA\Home\Runtime\Cache\dce973fa3b03fff1c9693f62c28ab0c7.php 第 39 行.
NOTIC: [8] Undefined index:  pm D:\freehost\cyndi1991\web\OA\Home\Runtime\Cache\dce973fa3b03fff1c9693f62c28ab0c7.php 第 51 行.
NOTIC: [8] Undefined index:  date D:\freehost\cyndi1991\web\OA\Home\Runtime\Cache\dce973fa3b03fff1c9693f62c28ab0c7.php 第 39 行.
NOTIC: [8] Undefined index:  pm D:\freehost\cyndi1991\web\OA\Home\Runtime\Cache\dce973fa3b03fff1c9693f62c28ab0c7.php 第 51 行.
NOTIC: [8] Undefined index:  date D:\freehost\cyndi1991\web\OA\Home\Runtime\Cache\dce973fa3b03fff1c9693f62c28ab0c7.php 第 39 行.
NOTIC: [8] Undefined index:  pm D:\freehost\cyndi1991\web\OA\Home\Runtime\Cache\dce973fa3b03fff1c9693f62c28ab0c7.php 第 51 行.
NOTIC: [8] Undefined index:  date D:\freehost\cyndi1991\web\OA\Home\Runtime\Cache\dce973fa3b03fff1c9693f62c28ab0c7.php 第 39 行.
NOTIC: [8] Undefined index:  pm D:\freehost\cyndi1991\web\OA\Home\Runtime\Cache\dce973fa3b03fff1c9693f62c28ab0c7.php 第 51 行.
NOTIC: [8] Undefined index:  date D:\freehost\cyndi1991\web\OA\Home\Runtime\Cache\dce973fa3b03fff1c9693f62c28ab0c7.php 第 39 行.
NOTIC: [8] Undefined index:  pm D:\freehost\cyndi1991\web\OA\Home\Runtime\Cache\dce973fa3b03fff1c9693f62c28ab0c7.php 第 51 行.
NOTIC: [8] Undefined index:  date D:\freehost\cyndi1991\web\OA\Home\Runtime\Cache\dce973fa3b03fff1c9693f62c28ab0c7.php 第 39 行.
NOTIC: [8] Undefined index:  pm D:\freehost\cyndi1991\web\OA\Home\Runtime\Cache\dce973fa3b03fff1c9693f62c28ab0c7.php 第 51 行.
NOTIC: [8] Undefined index:  date D:\freehost\cyndi1991\web\OA\Home\Runtime\Cache\dce973fa3b03fff1c9693f62c28ab0c7.php 第 39 行.
NOTIC: [8] Undefined index:  pm D:\freehost\cyndi1991\web\OA\Home\Runtime\Cache\dce973fa3b03fff1c9693f62c28ab0c7.php 第 51 行.
NOTIC: [8] Undefined index:  date D:\freehost\cyndi1991\web\OA\Home\Runtime\Cache\dce973fa3b03fff1c9693f62c28ab0c7.php 第 39 行.
NOTIC: [8] Undefined index:  pm D:\freehost\cyndi1991\web\OA\Home\Runtime\Cache\dce973fa3b03fff1c9693f62c28ab0c7.php 第 51 行.
NOTIC: [8] Undefined index:  date D:\freehost\cyndi1991\web\OA\Home\Runtime\Cache\dce973fa3b03fff1c9693f62c28ab0c7.php 第 39 行.
NOTIC: [8] Undefined index:  pm D:\freehost\cyndi1991\web\OA\Home\Runtime\Cache\dce973fa3b03fff1c9693f62c28ab0c7.php 第 51 行.
NOTIC: [8] Undefined index:  date D:\freehost\cyndi1991\web\OA\Home\Runtime\Cache\dce973fa3b03fff1c9693f62c28ab0c7.php 第 39 行.
NOTIC: [8] Undefined index:  pm D:\freehost\cyndi1991\web\OA\Home\Runtime\Cache\dce973fa3b03fff1c9693f62c28ab0c7.php 第 51 行.
NOTIC: [8] Undefined index:  date D:\freehost\cyndi1991\web\OA\Home\Runtime\Cache\dce973fa3b03fff1c9693f62c28ab0c7.php 第 39 行.
NOTIC: [8] Undefined index:  pm D:\freehost\cyndi1991\web\OA\Home\Runtime\Cache\dce973fa3b03fff1c9693f62c28ab0c7.php 第 51 行.
NOTIC: [8] Undefined index:  date D:\freehost\cyndi1991\web\OA\Home\Runtime\Cache\dce973fa3b03fff1c9693f62c28ab0c7.php 第 39 行.
NOTIC: [8] Undefined index:  pm D:\freehost\cyndi1991\web\OA\Home\Runtime\Cache\dce973fa3b03fff1c9693f62c28ab0c7.php 第 51 行.
NOTIC: [8] Undefined index:  date D:\freehost\cyndi1991\web\OA\Home\Runtime\Cache\dce973fa3b03fff1c9693f62c28ab0c7.php 第 39 行.
NOTIC: [8] Undefined index:  pm D:\freehost\cyndi1991\web\OA\Home\Runtime\Cache\dce973fa3b03fff1c9693f62c28ab0c7.php 第 51 行.
NOTIC: [8] Undefined index:  date D:\freehost\cyndi1991\web\OA\Home\Runtime\Cache\dce973fa3b03fff1c9693f62c28ab0c7.php 第 39 行.
NOTIC: [8] Undefined index:  pm D:\freehost\cyndi1991\web\OA\Home\Runtime\Cache\dce973fa3b03fff1c9693f62c28ab0c7.php 第 51 行.
NOTIC: [8] Undefined index:  date D:\freehost\cyndi1991\web\OA\Home\Runtime\Cache\dce973fa3b03fff1c9693f62c28ab0c7.php 第 39 行.
NOTIC: [8] Undefined index:  pm D:\freehost\cyndi1991\web\OA\Home\Runtime\Cache\dce973fa3b03fff1c9693f62c28ab0c7.php 第 51 行.
NOTIC: [8] Undefined index:  date D:\freehost\cyndi1991\web\OA\Home\Runtime\Cache\dce973fa3b03fff1c9693f62c28ab0c7.php 第 39 行.
NOTIC: [8] Undefined index:  pm D:\freehost\cyndi1991\web\OA\Home\Runtime\Cache\dce973fa3b03fff1c9693f62c28ab0c7.php 第 51 行.
NOTIC: [8] Undefined index:  date D:\freehost\cyndi1991\web\OA\Home\Runtime\Cache\dce973fa3b03fff1c9693f62c28ab0c7.php 第 39 行.
NOTIC: [8] Undefined index:  pm D:\freehost\cyndi1991\web\OA\Home\Runtime\Cache\dce973fa3b03fff1c9693f62c28ab0c7.php 第 51 行.
NOTIC: [8] Undefined index:  date D:\freehost\cyndi1991\web\OA\Home\Runtime\Cache\dce973fa3b03fff1c9693f62c28ab0c7.php 第 39 行.
NOTIC: [8] Undefined index:  pm D:\freehost\cyndi1991\web\OA\Home\Runtime\Cache\dce973fa3b03fff1c9693f62c28ab0c7.php 第 51 行.
INFO: Run ParseTemplate Behavior [ RunTime:0.017091s ]
INFO: [ view_parse ] --END-- [ RunTime:0.017167s ]
INFO: [ view_filter ] --START--
INFO: Run ContentReplace Behavior [ RunTime:0.001356s ]
INFO: Run TokenBuild Behavior [ RunTime:0.000841s ]
INFO: Run WriteHtmlCache Behavior [ RunTime:0.000624s ]
INFO: Run ShowRuntime Behavior [ RunTime:0.000971s ]
INFO: [ view_filter ] --END-- [ RunTime:0.003973s ]
INFO: [ view_end ] --START--
INFO: Run ShowPageTrace Behavior [ RunTime:0.000977s ]
INFO: [ view_end ] --END-- [ RunTime:0.001035s ]

[ 2013-05-21T12:05:56+08:00 ] 101.69.163.195 /OA/index.php?s=/Content/tables/
INFO: [ route_check ] --START--
INFO: Run CheckRoute Behavior [ RunTime:0.001214s ]
INFO: [ route_check ] --END-- [ RunTime:0.001296s ]
INFO: [ app_begin ] --START--
INFO: Run ReadHtmlCache Behavior [ RunTime:0.000932s ]
INFO: [ app_begin ] --END-- [ RunTime:0.000998s ]
NOTIC: [8] Undefined offset:  2 D:\freehost\cyndi1991\web\OA\Home\Lib\Action\ContentAction.class.php 第 7 行.
SQL: SELECT u.id,u.nickname,c.am,c.pm,c.cid FROM oa_user AS u LEFT JOIN oa_content AS c ON c.uid=u.id  AND c.create_time='2013-05-21' WHERE ( u.is_admin = 0 ) AND ( u.status = 1 )  [ RunTime:0.003405s ]
SQL: SELECT u.id,t.spend,t.content,p.pname FROM oa_time AS t LEFT JOIN oa_user AS u ON t.uid = u.id LEFT JOIN oa_project AS p ON p.pid = t.pid WHERE ( t.create_time = '2013-05-21' )  [ RunTime:0.000073s ]
INFO: [ view_template ] --START--
INFO: Run LocationTemplate Behavior [ RunTime:0.001169s ]
INFO: [ view_template ] --END-- [ RunTime:0.001237s ]
INFO: [ view_parse ] --START--
NOTIC: [8] Undefined index:  other D:\freehost\cyndi1991\web\OA\Home\Runtime\Cache\e6f8cf68c9393d66e60321239d060d91.php 第 439 行.
NOTIC: [8] Undefined index:  other D:\freehost\cyndi1991\web\OA\Home\Runtime\Cache\e6f8cf68c9393d66e60321239d060d91.php 第 439 行.
NOTIC: [8] Undefined index:  other D:\freehost\cyndi1991\web\OA\Home\Runtime\Cache\e6f8cf68c9393d66e60321239d060d91.php 第 439 行.
NOTIC: [8] Undefined index:  other D:\freehost\cyndi1991\web\OA\Home\Runtime\Cache\e6f8cf68c9393d66e60321239d060d91.php 第 439 行.
NOTIC: [8] Undefined index:  other D:\freehost\cyndi1991\web\OA\Home\Runtime\Cache\e6f8cf68c9393d66e60321239d060d91.php 第 439 行.
NOTIC: [8] Undefined index:  other D:\freehost\cyndi1991\web\OA\Home\Runtime\Cache\e6f8cf68c9393d66e60321239d060d91.php 第 439 行.
NOTIC: [8] Undefined index:  other D:\freehost\cyndi1991\web\OA\Home\Runtime\Cache\e6f8cf68c9393d66e60321239d060d91.php 第 439 行.
NOTIC: [8] Undefined index:  other D:\freehost\cyndi1991\web\OA\Home\Runtime\Cache\e6f8cf68c9393d66e60321239d060d91.php 第 439 行.
NOTIC: [8] Undefined index:  other D:\freehost\cyndi1991\web\OA\Home\Runtime\Cache\e6f8cf68c9393d66e60321239d060d91.php 第 439 行.
INFO: Run ParseTemplate Behavior [ RunTime:0.022163s ]
INFO: [ view_parse ] --END-- [ RunTime:0.022230s ]
INFO: [ view_filter ] --START--
INFO: Run ContentReplace Behavior [ RunTime:0.000916s ]
INFO: Run TokenBuild Behavior [ RunTime:0.000762s ]
INFO: Run WriteHtmlCache Behavior [ RunTime:0.000624s ]
INFO: Run ShowRuntime Behavior [ RunTime:0.000885s ]
INFO: [ view_filter ] --END-- [ RunTime:0.003353s ]
INFO: [ view_end ] --START--
INFO: Run ShowPageTrace Behavior [ RunTime:0.000979s ]
INFO: [ view_end ] --END-- [ RunTime:0.001036s ]

[ 2013-05-21T12:06:04+08:00 ] 101.69.163.195 /OA/index.php?s=/Public/logout
INFO: [ route_check ] --START--
INFO: Run CheckRoute Behavior [ RunTime:0.001210s ]
INFO: [ route_check ] --END-- [ RunTime:0.001290s ]
INFO: [ app_begin ] --START--
INFO: Run ReadHtmlCache Behavior [ RunTime:0.000931s ]
INFO: [ app_begin ] --END-- [ RunTime:0.001000s ]
INFO: [ view_template ] --START--
INFO: Run LocationTemplate Behavior [ RunTime:0.001079s ]
INFO: [ view_template ] --END-- [ RunTime:0.001148s ]
INFO: [ view_parse ] --START--
INFO: Run ParseTemplate Behavior [ RunTime:0.009164s ]
INFO: [ view_parse ] --END-- [ RunTime:0.009238s ]
INFO: [ view_filter ] --START--
INFO: Run ContentReplace Behavior [ RunTime:0.000728s ]
INFO: Run TokenBuild Behavior [ RunTime:0.000739s ]
INFO: Run WriteHtmlCache Behavior [ RunTime:0.000636s ]
INFO: Run ShowRuntime Behavior [ RunTime:0.000858s ]
INFO: [ view_filter ] --END-- [ RunTime:0.003131s ]
INFO: [ view_end ] --START--
INFO: Run ShowPageTrace Behavior [ RunTime:0.000983s ]
INFO: [ view_end ] --END-- [ RunTime:0.001044s ]

[ 2013-05-21T12:06:05+08:00 ] 101.69.163.195 /OA/index.php?s=/Public/login/
INFO: [ route_check ] --START--
INFO: Run CheckRoute Behavior [ RunTime:0.001205s ]
INFO: [ route_check ] --END-- [ RunTime:0.001284s ]
INFO: [ app_begin ] --START--
INFO: Run ReadHtmlCache Behavior [ RunTime:0.000933s ]
INFO: [ app_begin ] --END-- [ RunTime:0.000999s ]
INFO: [ view_template ] --START--
INFO: Run LocationTemplate Behavior [ RunTime:0.001091s ]
INFO: [ view_template ] --END-- [ RunTime:0.001159s ]
INFO: [ view_parse ] --START--
INFO: Run ParseTemplate Behavior [ RunTime:0.010356s ]
INFO: [ view_parse ] --END-- [ RunTime:0.010435s ]
INFO: [ view_filter ] --START--
INFO: Run ContentReplace Behavior [ RunTime:0.000776s ]
INFO: Run TokenBuild Behavior [ RunTime:0.000755s ]
INFO: Run WriteHtmlCache Behavior [ RunTime:0.000643s ]
INFO: Run ShowRuntime Behavior [ RunTime:0.000858s ]
INFO: [ view_filter ] --END-- [ RunTime:0.003202s ]
INFO: [ view_end ] --START--
INFO: Run ShowPageTrace Behavior [ RunTime:0.000989s ]
INFO: [ view_end ] --END-- [ RunTime:0.001049s ]

